<?xml version="1.0" encoding="UTF-8"?>
<!-- Generated by org.testng.reporters.JUnitReportReporter -->
<testsuite hostname="DESKTOP-M0RC82D" failures="0" tests="2" name="testcases.LoginTest" time="40.813" errors="0" timestamp="19 Nov 2023 17:02:59 GMT" skipped="0">
  <testcase classname="testcases.LoginTest" name="LoginFailureTest" time="27.412"/>
  <testcase classname="testcases.LoginTest" name="LoginSuccessTest" time="13.401"/>
</testsuite> <!-- testcases.LoginTest -->
