<?xml version="1.0" encoding="UTF-8"?>
<!-- Generated by org.testng.reporters.JUnitReportReporter -->
<testsuite hostname="DESKTOP-M0RC82D" failures="0" tests="2" name="Test.LoginTest" time="5.537" errors="0" timestamp="18 Dec 2023 09:02:06 GMT" skipped="0">
  <testcase classname="Test.LoginTest" name="LoginFailureTest" time="3.233"/>
  <testcase classname="Test.LoginTest" name="LoginSuccessTest" time="2.304"/>
</testsuite> <!-- Test.LoginTest -->
