<?xml version="1.0" encoding="UTF-8"?>
<!-- Generated by org.testng.reporters.JUnitReportReporter -->
<testsuite hostname="DESKTOP-M0RC82D" failures="0" tests="1" name="testng.CardTest" time="0.009" errors="0" timestamp="19 Nov 2023 14:48:18 GMT" skipped="0">
  <testcase classname="testng.CardTest" name="TC01_CreaditCardTest" time="0.009"/>
</testsuite> <!-- testng.CardTest -->
